3701874  pts/11       Sun Nov  1 15:10   still logged in    91-170-190-116.subs.proxad.net
28602627 pts/12       Sun Nov  1 15:09   still logged in    37-172-79-222.coucou-networks.fr
3701874  pts/11       Sun Nov  1 15:08 - 15:09  (00:01)     91-170-190-116.subs.proxad.net
spanjaar pts/7        Sun Nov  1 15:04   still logged in    bbs62-1_migr-88-126-51-214.fbx.proxad.net
spanjaar pts/11       Sun Nov  1 15:03 - 15:04  (00:00)     bbs62-1_migr-88-126-51-214.fbx.proxad.net
3874826  pts/9        Sun Nov  1 15:01   still logged in    80.215.70.108
3805942  pts/5        Sun Nov  1 14:57   still logged in    37-171-56-50.coucou-networks.fr
28602830 pts/18       Sun Nov  1 14:24 - 15:16  (00:51)     140.186.0.93.rev.sfr.net
28613991 pts/17       Sun Nov  1 14:24   still logged in    135.97.14.109.rev.sfr.net
28602830 pts/7        Sun Nov  1 14:19 - 15:04  (00:45)     140.186.0.93.rev.sfr.net
3701239  pts/7        Sun Nov  1 14:16 - 14:17  (00:00)     82.216.207.77.rev.sfr.net
28606787 pts/20       Sun Nov  1 14:10 - 14:17  (00:07)     cha75-2-78-192-16-97.fbxo.proxad.net
3805942  pts/14       Sun Nov  1 14:09   still logged in    37-171-56-50.coucou-networks.fr
28602627 pts/8        Sun Nov  1 14:06   still logged in    37-172-79-222.coucou-networks.fr
3670145  pts/5        Sun Nov  1 14:04 - 14:36  (00:31)     lfbn-idf3-1-768-59.w86-252.abo.wanadoo.fr
3701239  pts/14       Sun Nov  1 13:50 - 13:51  (00:00)     82.216.207.77.rev.sfr.net
28606787 pts/5        Sun Nov  1 13:45 - 13:59  (00:13)     cha75-2-78-192-16-97.fbxo.proxad.net
3801638  pts/2        Sun Nov  1 13:42   still logged in    roc37-h01-176-170-197-49.dsl.sta.abo.bbox.fr
3701239  pts/20       Sun Nov  1 13:36 - 13:37  (00:01)     82.216.207.77.rev.sfr.net
3701239  pts/19       Sun Nov  1 13:34 - 14:19  (00:44)     82.216.207.77.rev.sfr.net
3701239  pts/18       Sun Nov  1 13:33 - 14:19  (00:45)     82.216.207.77.rev.sfr.net
3701239  pts/17       Sun Nov  1 13:32 - 14:19  (00:46)     82.216.207.77.rev.sfr.net
3805942  pts/16       Sun Nov  1 13:28   still logged in    37-171-56-50.coucou-networks.fr
3802558  pts/14       Sun Nov  1 13:25 - 13:37  (00:11)     lns-bzn-36-82-251-54-237.adsl.proxad.net
28602627 pts/6        Sun Nov  1 13:08   still logged in    37-172-79-222.coucou-networks.fr
3874826  pts/13       Sun Nov  1 12:51 - 15:00  (02:08)     80.215.70.108
3670445  pts/6        Sun Nov  1 12:48 - 13:03  (00:14)     117.12.23.93.rev.sfr.net
3805942  pts/15       Sun Nov  1 12:44   still logged in    37-171-56-50.coucou-networks.fr
3670445  pts/14       Sun Nov  1 12:33 - 12:49  (00:16)     ane26-1_migr-88-126-173-89.fbx.proxad.net
3672781  pts/13       Sun Nov  1 12:32 - 12:44  (00:12)     245.151.153.77.rev.sfr.net
3672781  pts/13       Sun Nov  1 12:29 - 12:31  (00:02)     245.151.153.77.rev.sfr.net
3874826  pts/12       Sun Nov  1 12:19 - 14:26  (02:06)     80.215.70.108
3805942  pts/11       Sun Nov  1 12:09 - 14:45  (02:35)     37-171-56-50.coucou-networks.fr
28602627 pts/9        Sun Nov  1 12:08 - 14:44  (02:35)     37-172-79-222.coucou-networks.fr
3805942  pts/9        Sun Nov  1 11:53 - 12:08  (00:15)     37-171-56-50.coucou-networks.fr
28603394 pts/8        Sun Nov  1 11:51 - 14:02  (02:11)     lag77-1-82-238-104-48.fbx.proxad.net
28603394 pts/7        Sun Nov  1 11:51 - 14:16  (02:25)     lag77-1-82-238-104-48.fbx.proxad.net
3407172  pts/6        Sun Nov  1 11:48 - 12:47  (00:58)     lfbn-idf2-1-7-152.w83-202.abo.wanadoo.fr
3805942  pts/5        Sun Nov  1 11:28 - 13:41  (02:12)     37-171-56-50.coucou-networks.fr
3772205  pts/3        Sun Nov  1 11:15   still logged in    lfbn-idf1-1-2071-187.w90-127.abo.wanadoo.fr
3673536  pts/2        Sun Nov  1 11:07 - 13:39  (02:32)     pop.92-184-116-131.mobile.abo.orange.fr
3532698  pts/5        Sun Nov  1 10:56 - 11:00  (00:04)     176-159-52-116.abo.bbox.fr
3532698  pts/5        Sun Nov  1 10:55 - 10:56  (00:00)     176-159-52-116.abo.bbox.fr
28600291 pts/3        Sun Nov  1 10:54 - 10:59  (00:04)     176-151-229-29.abo.bbox.fr
28600291 pts/3        Sun Nov  1 10:52 - 10:54  (00:01)     176-151-229-29.abo.bbox.fr
28600291 pts/2        Sun Nov  1 10:48 - 11:06  (00:18)     dvv62-h01-176-151-229-29.dsl.sta.abo.bbox.fr
28600291 pts/2        Sun Nov  1 10:43 - 10:46  (00:02)     dvv62-h01-176-151-229-29.dsl.sta.abo.bbox.fr
3600592  pts/0        Sun Nov  1 09:33   still logged in    213.73.31.93.rev.sfr.net

wtmp begins Sun Nov  1 09:33:38 2020
