cyrena    ttys006                   Sun Nov  1 10:05   still logged in
cyrena    ttys005                   Sun Nov  1 10:05   still logged in
cyrena    ttys004                   Sun Nov  1 10:05   still logged in
cyrena    console                   Sun Nov  1 10:05   still logged in
reboot    ~                         Sun Nov  1 10:05 
shutdown  ~                         Sun Nov  1 01:29 
cyrena    ttys002                   Sun Nov  1 01:17 - 01:17  (00:00)
cyrena    ttys001                   Sun Nov  1 00:39 - 00:39  (00:00)
cyrena    ttys004                   Sat Oct 31 11:42 - 11:42  (00:00)
cyrena    console                   Sat Oct 31 11:42 - 01:29  (13:47)
reboot    ~                         Sat Oct 31 11:39 
shutdown  ~                         Sat Oct 31 01:57 
cyrena    ttys001                   Fri Oct 30 22:51 - 22:51  (00:00)
cyrena    ttys002                   Fri Oct 30 16:13 - 16:13  (00:00)
cyrena    console                   Fri Oct 30 09:20 - 01:57  (16:36)
reboot    ~                         Fri Oct 30 09:17 
shutdown  ~                         Fri Oct 30 00:16 
cyrena    ttys004                   Wed Oct 28 10:40 - 10:40  (00:00)
cyrena    console                   Wed Oct 28 10:40 - 00:16 (1+13:35)
reboot    ~                         Wed Oct 28 10:40 
shutdown  ~                         Tue Oct 27 23:43 
cyrena    ttys001                   Tue Oct 27 23:13 - 23:13  (00:00)
cyrena    ttys004                   Tue Oct 27 22:34 - 22:34  (00:00)
cyrena    console                   Tue Oct 27 22:34 - 23:43  (01:09)
reboot    ~                         Tue Oct 27 22:33 
shutdown  ~                         Tue Oct 27 15:48 
cyrena    console                   Tue Oct 27 10:03 - 15:48  (05:45)
reboot    ~                         Mon Oct 26 22:31 
shutdown  ~                         Mon Oct 26 22:29 
cyrena    ttys001                   Mon Oct 26 17:25 - 17:25  (00:00)
cyrena    ttys004                   Mon Oct 26 17:03 - 17:03  (00:00)
cyrena    console                   Mon Oct 26 17:03 - 22:29  (05:26)
reboot    ~                         Mon Oct 26 17:01 
shutdown  ~                         Mon Oct 26 05:23 
cyrena    ttys002                   Sun Oct 25 17:26 - 17:26  (00:00)
cyrena    ttys004                   Sat Oct 24 01:08 - 01:08  (00:00)
cyrena    console                   Sat Oct 24 01:08 - 05:23 (2+05:15)
reboot    ~                         Sat Oct 24 01:07 
shutdown  ~                         Sat Oct 24 00:26 
cyrena    ttys002                   Fri Oct 23 13:35 - 13:35  (00:00)
cyrena    console                   Fri Oct 23 12:22 - 00:26  (12:03)
reboot    ~                         Fri Oct 23 12:18 
shutdown  ~                         Fri Oct 23 02:48 
cyrena    ttys002                   Fri Oct 23 00:32 - 00:32  (00:00)
cyrena    ttys003                   Fri Oct 23 00:09 - 00:09  (00:00)
cyrena    ttys002                   Thu Oct 22 14:38 - 14:38  (00:00)
cyrena    ttys004                   Sun Oct 18 12:11 - 12:11  (00:00)
cyrena    console                   Sun Oct 18 12:11 - 02:48 (4+14:37)
reboot    ~                         Sun Oct 18 12:10 
shutdown  ~                         Sun Oct 18 03:35 
cyrena    console                   Sat Oct 17 23:17 - 03:35  (04:18)
reboot    ~                         Sat Oct 17 23:16 

wtmp begins Sat Oct 17 23:16 
